<?xml version="1.0" encoding="UTF-8"?>
<robot generator="Robot 6.1.1 (Python 3.9.4 on darwin)" generated="20231127 20:35:54.274" rpa="false" schemaversion="4">
<suite id="s1" name="US001" source="/Users/yusuf.renkoglu/Desktop/WiseQuarter/SeleniumTestler/tests/US001.robot">
<test id="s1-t1" name="Yeni Bir Kullanici Ile Sepete Urun Ekleme" line="25">
<kw name="Anasayfaya ${BROWSER} Ile Git" library="keywords" sourcename="Anasayfaya ${BROWSER} Ile Git">
<doc>Parametre olarak gonderilen browser ile anasayfaya gider
Parametre gonderilmez ise default olarak chrome calisir</doc>
<kw name="Create List" library="BuiltIn">
<var>@{BROWSER_LIST}</var>
<arg>chrome</arg>
<arg>firefox</arg>
<arg>safari</arg>
<arg>opera</arg>
<arg>edge</arg>
<doc>Returns a list containing given items.</doc>
<msg timestamp="20231127 20:35:54.536" level="INFO">@{BROWSER_LIST} = [ chrome | firefox | safari | opera | edge ]</msg>
<status status="PASS" starttime="20231127 20:35:54.536" endtime="20231127 20:35:54.536"/>
</kw>
<if>
<branch type="IF" condition="not &quot;${BROWSER}&quot; in @{BROWSER_LIST}">
<kw name="Set Variable" library="BuiltIn">
<var>${BROWSER}</var>
<arg>chrome</arg>
<doc>Returns the given values which can then be assigned to a variables.</doc>
<status status="NOT RUN" starttime="20231127 20:35:54.536" endtime="20231127 20:35:54.536"/>
</kw>
<status status="NOT RUN" starttime="20231127 20:35:54.536" endtime="20231127 20:35:54.536"/>
</branch>
<status status="PASS" starttime="20231127 20:35:54.536" endtime="20231127 20:35:54.536"/>
</if>
<kw name="Open Browser" library="SeleniumLibrary">
<arg>https://demowebshop.tricentis.com</arg>
<arg>${BROWSER}</arg>
<doc>Opens a new browser instance to the optional ``url``.</doc>
<msg timestamp="20231127 20:35:54.537" level="INFO">Opening browser 'safari' to base url 'https://demowebshop.tricentis.com'.</msg>
<msg timestamp="20231127 20:35:54.537" level="INFO">Cannot capture screenshot because no browser is open.</msg>
<msg timestamp="20231127 20:35:54.537" level="FAIL">TypeError: __init__() got an unexpected keyword argument 'log_path'</msg>
<status status="FAIL" starttime="20231127 20:35:54.536" endtime="20231127 20:35:54.537"/>
</kw>
<kw name="Maximize Browser Window" library="SeleniumLibrary">
<doc>Maximizes current browser window.</doc>
<status status="NOT RUN" starttime="20231127 20:35:54.537" endtime="20231127 20:35:54.537"/>
</kw>
<status status="FAIL" starttime="20231127 20:35:54.535" endtime="20231127 20:35:54.537"/>
</kw>
<kw name="Kategorileri Kontrol Et">
<status status="NOT RUN" starttime="20231127 20:35:54.537" endtime="20231127 20:35:54.537"/>
</kw>
<kw name="Yeni Uyelik Olustur" library="keywords">
<doc>Yeni bir uyelik olusturmaya yarar.
Parametre olarak Dictionary gondermek gerekir</doc>
<status status="NOT RUN" starttime="20231127 20:35:54.538" endtime="20231127 20:35:54.538"/>
</kw>
<kw name="Rastgele Kategoriye Git">
<status status="NOT RUN" starttime="20231127 20:35:54.538" endtime="20231127 20:35:54.538"/>
</kw>
<kw name="Rastgele Urun Sec Ve Urun Detay Sayfasina Git">
<status status="NOT RUN" starttime="20231127 20:35:54.538" endtime="20231127 20:35:54.538"/>
</kw>
<kw name="Urunu Sepete Ekle">
<status status="NOT RUN" starttime="20231127 20:35:54.538" endtime="20231127 20:35:54.538"/>
</kw>
<kw name="Sleep" library="BuiltIn">
<arg>2</arg>
<doc>Pauses the test executed for the given time.</doc>
<status status="NOT RUN" starttime="20231127 20:35:54.538" endtime="20231127 20:35:54.538"/>
</kw>
<kw name="Sepete Git Ve Urunu Kontrol Et">
<status status="NOT RUN" starttime="20231127 20:35:54.538" endtime="20231127 20:35:54.538"/>
</kw>
<kw name="Close Browser" library="SeleniumLibrary">
<doc>Closes the current browser.</doc>
<status status="NOT RUN" starttime="20231127 20:35:54.538" endtime="20231127 20:35:54.538"/>
</kw>
<doc>Yeni bir kullanici olusturup rastgele bir kategoriden
Rastgele bir urunu secip, sepete ekler ve urun adi ve fiyatinin dogrulamasini gerceklestirir.</doc>
<tag>e2e</tag>
<status status="FAIL" starttime="20231127 20:35:54.535" endtime="20231127 20:35:54.538">TypeError: __init__() got an unexpected keyword argument 'log_path'</status>
</test>
<test id="s1-t2" name="XXX Testi" line="41">
<kw name="Log To Console" library="BuiltIn">
<arg>Merhaba</arg>
<doc>Logs the given message to the console.</doc>
<status status="PASS" starttime="20231127 20:35:54.539" endtime="20231127 20:35:54.539"/>
</kw>
<doc>Burasi testin dokumani</doc>
<tag>mrb</tag>
<status status="PASS" starttime="20231127 20:35:54.539" endtime="20231127 20:35:54.539"/>
</test>
<status status="FAIL" starttime="20231127 20:35:54.277" endtime="20231127 20:35:54.539"/>
</suite>
<statistics>
<total>
<stat pass="1" fail="1" skip="0">All Tests</stat>
</total>
<tag>
<stat pass="0" fail="1" skip="0">e2e</stat>
<stat pass="1" fail="0" skip="0">mrb</stat>
</tag>
<suite>
<stat pass="1" fail="1" skip="0" id="s1" name="US001">US001</stat>
</suite>
</statistics>
<errors>
</errors>
</robot>
